Content-Type: text/plain; charset="utf-8"
MIME-Version: 1.0
Content-Transfer-Encoding: 7bit
Subject: Activate Your StockSync Organization
From: eamokuandoh@gmail.com
To: org.contact@example.com
Date: Sun, 01 Jun 2025 20:38:06 -0000
Message-ID: <174881028698.28212.9438017705110801567@LAPTOP-2PJL7L4A>

<!DOCTYPE html>
<html>
<head>
    <title>Activate Your StockSync Organization</title>
</head>
<body>
    <h2>Hello Example Organization,</h2>

    <p>Thank you for signing up for StockSync!</p>

    <p>Please click the link below to activate your organization:</p>
    <p><a href="http://127.0.0.1:8000//api/organizations/activate/9a0387a4-6366-4580-a39a-e1c34128d51e/">Activate Your Organization</a></p>

    <p>If the link above doesn't work, you can copy and paste the following URL into your web browser:</p>
    <p>http://127.0.0.1:8000//api/organizations/activate/9a0387a4-6366-4580-a39a-e1c34128d51e/</p>

    <p>If you did not sign up for StockSync, please ignore this email.</p>

    <p>Sincerely,</p>
    <p>The StockSync Team</p>
</body>
</html>
-------------------------------------------------------------------------------
