Content-Type: text/plain; charset="utf-8"
MIME-Version: 1.0
Content-Transfer-Encoding: 7bit
Subject: Activate Your StockSync Organization
From: eamokuandoh@gmail.com
To: emmanuelkojo696@gmail.com
Date: Sun, 01 Jun 2025 20:00:31 -0000
Message-ID: <174880803158.25448.7385267959900080893@LAPTOP-2PJL7L4A>

<!DOCTYPE html>
<html>
<head>
    <title>Activate Your StockSync Organization</title>
</head>
<body>
    <h2>Hello solarcity,</h2>

    <p>Thank you for signing up for StockSync!</p>

    <p>Please click the link below to activate your organization:</p>
    <p><a href="http://127.0.0.1:8000//api/organizations/activate/7ab941cd-aac2-4ac4-b5e7-56cdb776bf15/">Activate Your Organization</a></p>

    <p>If the link above doesn't work, you can copy and paste the following URL into your web browser:</p>
    <p>http://127.0.0.1:8000//api/organizations/activate/7ab941cd-aac2-4ac4-b5e7-56cdb776bf15/</p>

    <p>If you did not sign up for StockSync, please ignore this email.</p>

    <p>Sincerely,</p>
    <p>The StockSync Team</p>
</body>
</html>
-------------------------------------------------------------------------------
