Content-Type: multipart/alternative;
 boundary="===============1816701342120865293=="
MIME-Version: 1.0
Subject: Activate Your StockSync Organization
From: eamokuandoh@gmail.com
To: emmanuelkojo696@gmail.com
Date: Sun, 01 Jun 2025 19:18:49 -0000
Message-ID: <174880552995.2776.10867223308239816703@LAPTOP-2PJL7L4A>

--===============1816701342120865293==
Content-Type: text/plain; charset="utf-8"
MIME-Version: 1.0
Content-Transfer-Encoding: 7bit


    Hello solarcity,

    Thank you for signing up for StockSync!

    Please click the link below to activate your organization:
    http://localhost:8000/api/organizations/activate/42bc8a6e-83ec-4132-996f-36888d5c748c/

    If you did not sign up for StockSync, please ignore this email.

    Sincerely,
    The StockSync Team
    
--===============1816701342120865293==
Content-Type: text/html; charset="utf-8"
MIME-Version: 1.0
Content-Transfer-Encoding: 7bit

<!DOCTYPE html>
<html>
<head>
    <title>Activate Your StockSync Organization</title>
</head>
<body>
    <h2>Hello solarcity,</h2>

    <p>Thank you for signing up for StockSync!</p>

    <p>Please click the link below to activate your organization:</p>
    <p><a href="http://localhost:8000/api/organizations/activate/42bc8a6e-83ec-4132-996f-36888d5c748c/">Activate Your Organization</a></p>

    <p>If the link above doesn't work, you can copy and paste the following URL into your web browser:</p>
    <p>http://localhost:8000/api/organizations/activate/42bc8a6e-83ec-4132-996f-36888d5c748c/</p>

    <p>If you did not sign up for StockSync, please ignore this email.</p>

    <p>Sincerely,</p>
    <p>The StockSync Team</p>
</body>
</html>
--===============1816701342120865293==--

-------------------------------------------------------------------------------
