Content-Type: multipart/alternative;
 boundary="===============4404958104906544268=="
MIME-Version: 1.0
Subject: 127.0.0.1:8000 - Your account has been successfully created and
 activated!
From: webmaster@localhost
To: admin.user@example.com
Date: Sun, 01 Jun 2025 21:29:11 -0000
Message-ID: <174881335133.32032.9681485709263636561@LAPTOP-2PJL7L4A>

--===============4404958104906544268==
Content-Type: text/plain; charset="utf-8"
MIME-Version: 1.0
Content-Transfer-Encoding: 7bit

Your account has been created and is ready to use!

Thanks for using our site!

The 127.0.0.1:8000 team
--===============4404958104906544268==
Content-Type: text/html; charset="utf-8"
MIME-Version: 1.0
Content-Transfer-Encoding: 7bit

<p>Your account has been created and is ready to use!</p>

<p>Thanks for using our site!</p>

<p>The 127.0.0.1:8000 team</p>
--===============4404958104906544268==--

-------------------------------------------------------------------------------
